<?xml version="1.0" encoding="UTF-8"?>
<!-- Generated by org.testng.reporters.JUnitXMLReporter -->
<testsuite ignored="0" hostname="DESKTOP-NV7T9HR" failures="0" tests="3" name="chromeTest" time="26.352" errors="0" timestamp="2024-09-17T19:00:39 IST">
  <testcase classname="parallel.paralleltest" name="logo" time="0.083"/>
  <testcase classname="parallel.paralleltest" name="testurl" time="0.008"/>
  <testcase classname="parallel.paralleltest" name="login" time="14.479"/>
</testsuite> <!-- chromeTest -->
