<?xml version="1.0" encoding="UTF-8"?>
<!-- Generated by org.testng.reporters.JUnitXMLReporter -->
<testsuite ignored="0" hostname="DESKTOP-NV7T9HR" failures="0" tests="3" name="edgetest" time="28.481" errors="0" timestamp="2024-09-17T19:00:41 IST">
  <testcase classname="parallel.paralleltest" name="logo" time="0.062"/>
  <testcase classname="parallel.paralleltest" name="testurl" time="0.01"/>
  <testcase classname="parallel.paralleltest" name="login" time="14.666"/>
</testsuite> <!-- edgetest -->
