<?xml version="1.0" encoding="UTF-8"?>
<!-- Generated by org.testng.reporters.JUnitXMLReporter -->
<testsuite ignored="3" hostname="DESKTOP-NV7T9HR" failures="0" tests="2" name="Test" time="0.039" errors="0" timestamp="2024-09-24T17:57:51 IST">
  <testcase classname="grouping.loginsign" name="true1" time="0.008"/>
  <testcase classname="grouping.loginsign" name="welocme" time="0.001"/>
  <testcase classname="grouping.sign" name="clicklogin" time="0.0">
    <ignored/>
  </testcase> <!-- clicklogin -->
  <testcase classname="grouping.login" name="passwrord" time="0.0">
    <ignored/>
  </testcase> <!-- passwrord -->
  <testcase classname="grouping.login" name="name" time="0.0">
    <ignored/>
  </testcase> <!-- name -->
</testsuite> <!-- Test -->
