<?xml version="1.0" encoding="UTF-8"?>
<testng-results ignored="3" total="5" passed="2" failed="0" skipped="0">
  <reporter-output>
  </reporter-output>
  <suite started-at="2024-09-24T17:57:51 IST" name="Suite" finished-at="2024-09-24T17:57:51 IST" duration-ms="39">
    <groups>
      <group name="case1">
        <method signature="loginsign.true1()[pri:1, instance:grouping.loginsign@1aa7ecca]" name="true1" class="grouping.loginsign"/>
        <method signature="loginsign.welocme()[pri:1, instance:grouping.loginsign@1aa7ecca]" name="welocme" class="grouping.loginsign"/>
      </group> <!-- case1 -->
      <group name="case2">
        <method signature="loginsign.true1()[pri:1, instance:grouping.loginsign@1aa7ecca]" name="true1" class="grouping.loginsign"/>
        <method signature="loginsign.welocme()[pri:1, instance:grouping.loginsign@1aa7ecca]" name="welocme" class="grouping.loginsign"/>
      </group> <!-- case2 -->
      <group name="case3">
        <method signature="loginsign.true1()[pri:1, instance:grouping.loginsign@1aa7ecca]" name="true1" class="grouping.loginsign"/>
        <method signature="loginsign.welocme()[pri:1, instance:grouping.loginsign@1aa7ecca]" name="welocme" class="grouping.loginsign"/>
      </group> <!-- case3 -->
    </groups>
    <test started-at="2024-09-24T17:57:51 IST" name="Test" finished-at="2024-09-24T17:57:51 IST" duration-ms="39">
      <class name="grouping.loginsign">
        <test-method signature="true1()[pri:1, instance:grouping.loginsign@1aa7ecca]" started-at="2024-09-24T17:57:51 IST" name="true1" finished-at="2024-09-24T17:57:51 IST" duration-ms="8" status="PASS">
          <reporter-output>
          </reporter-output>
        </test-method> <!-- true1 -->
        <test-method signature="welocme()[pri:1, instance:grouping.loginsign@1aa7ecca]" started-at="2024-09-24T17:57:51 IST" name="welocme" finished-at="2024-09-24T17:57:51 IST" duration-ms="1" status="PASS">
          <reporter-output>
          </reporter-output>
        </test-method> <!-- welocme -->
      </class> <!-- grouping.loginsign -->
    </test> <!-- Test -->
  </suite> <!-- Suite -->
</testng-results>
